12/25/2024 6:19:45 AM	This log contains information about the import schema operation into project 'Sales.database' on computer 'DESKTOP-FADHFPS' by user 'Os-Waed'.
12/25/2024 6:19:46 AM	Import of database schema has started.
12/25/2024 6:20:06 AM	Gathering database options
12/25/2024 6:20:06 AM	Gathering users
12/25/2024 6:20:06 AM	Gathering roles
12/25/2024 6:20:06 AM	Gathering application roles
12/25/2024 6:20:06 AM	Gathering role memberships
12/25/2024 6:20:06 AM	Gathering filegroups
12/25/2024 6:20:06 AM	Gathering full-text catalogs
12/25/2024 6:20:06 AM	Gathering assemblies
12/25/2024 6:20:06 AM	Gathering certificates
12/25/2024 6:20:06 AM	Gathering asymmetric keys
12/25/2024 6:20:06 AM	Gathering symmetric keys
12/25/2024 6:20:06 AM	Gathering encrypted symmetric keys
12/25/2024 6:20:06 AM	Gathering schemas
12/25/2024 6:20:06 AM	Gathering XML schema collections
12/25/2024 6:20:06 AM	Gathering user-defined data types
12/25/2024 6:20:06 AM	Gathering user-defined types
12/25/2024 6:20:06 AM	Gathering table types
12/25/2024 6:20:06 AM	Gathering unique keys for table types
12/25/2024 6:20:06 AM	Gathering primary keys for table types
12/25/2024 6:20:06 AM	Gathering indexes for table types
12/25/2024 6:20:06 AM	Gathering check constraints for table types
12/25/2024 6:20:06 AM	Gathering default constraints for table types
12/25/2024 6:20:06 AM	Gathering partition functions
12/25/2024 6:20:06 AM	Gathering partition schemes
12/25/2024 6:20:07 AM	Gathering functions
12/25/2024 6:20:07 AM	Gathering encrypted functions
12/25/2024 6:20:07 AM	Gathering aggregates
12/25/2024 6:20:07 AM	Gathering procedures
12/25/2024 6:20:07 AM	Gathering encrypted procedures
12/25/2024 6:20:07 AM	Gathering tables
12/25/2024 6:20:08 AM	Gathering primary keys
12/25/2024 6:20:08 AM	Gathering unique constraints
12/25/2024 6:20:08 AM	Gathering foreign keys
12/25/2024 6:20:08 AM	Gathering default constraints
12/25/2024 6:20:08 AM	Gathering check constraints
12/25/2024 6:20:08 AM	Gathering views
12/25/2024 6:20:08 AM	Gathering encrypted views
12/25/2024 6:20:08 AM	Gathering indexes
12/25/2024 6:20:08 AM	Gathering statistics
12/25/2024 6:20:08 AM	Gathering full-text index stoplists
12/25/2024 6:20:09 AM	Gathering search property lists
12/25/2024 6:20:09 AM	Gathering search properties
12/25/2024 6:20:09 AM	Gathering full-text indexes
12/25/2024 6:20:09 AM	Gathering column store indexes
12/25/2024 6:20:09 AM	Gathering spatial indexes
12/25/2024 6:20:09 AM	Gathering XML indexes
12/25/2024 6:20:09 AM	Gathering Selective XML indexes
12/25/2024 6:20:09 AM	Gathering encrypted triggers
12/25/2024 6:20:09 AM	Gathering triggers
12/25/2024 6:20:09 AM	Gathering encrypted and clr ddl triggers
12/25/2024 6:20:09 AM	Gathering ddl triggers
12/25/2024 6:20:09 AM	Gathering synonyms
12/25/2024 6:20:09 AM	Gathering defaults
12/25/2024 6:20:09 AM	Gathering data constraint uddt bindings
12/25/2024 6:20:09 AM	Gathering rules
12/25/2024 6:20:09 AM	Gathering data constraint uddt bindings
12/25/2024 6:20:09 AM	Gathering message types
12/25/2024 6:20:09 AM	Gathering queues
12/25/2024 6:20:09 AM	Gathering contracts
12/25/2024 6:20:09 AM	Gathering services
12/25/2024 6:20:09 AM	Gathering event notifications
12/25/2024 6:20:09 AM	Gathering remote service bindings
12/25/2024 6:20:09 AM	Gathering broker priorities
12/25/2024 6:20:09 AM	Gathering signatures
12/25/2024 6:20:09 AM	Gathering compression options
12/25/2024 6:20:09 AM	Gathering sequence types
12/25/2024 6:20:09 AM	Gathering extended properties
12/25/2024 6:20:12 AM	Scanning project for duplicate elements
12/25/2024 6:20:12 AM	Finished duplicate element processing
12/25/2024 6:20:12 AM	Finished importing database.
12/25/2024 6:20:12 AM	A summary of the import was saved to the following location: D:\Sales.database\Import Schema Logs\Sales.database_20241225111945.log
12/25/2024 6:20:12 AM	Click Finish to continue...
